<?xml version="1.0" encoding="UTF-8"?>
<testsuite xmlns:xsi="http://www.w3.org/2001/XMLSchema-instance" xsi:noNamespaceSchemaLocation="https://maven.apache.org/surefire/maven-surefire-plugin/xsd/surefire-test-report.xsd" name="tests.RunnerTest" time="7.214" tests="4" errors="0" skipped="0" failures="0">
  <properties>
[...]
</properties>
  <testcase name="POST - Logar com dois usuários válidos #1" classname="POST - Rota Signin" time="2.799"/>
  <testcase name="POST - Logar com dois usuários válidos #2" classname="POST - Rota Signin" time="1.455"/>
  <testcase name="POST - Logar com dois usuários inválidos: um sem email e o outro sem senha #1" classname="POST - Rota Signin" time="1.217"/>
  <testcase name="POST - Logar com dois usuários inválidos: um sem email e o outro sem senha #2" classname="POST - Rota Signin" time="1.154"/>
</testsuite>